<?xml version="1.0" encoding="UTF-8"?>
<!-- Generated by org.testng.reporters.JUnitXMLReporter -->
<testsuite ignored="5" hostname="Manish" failures="0" tests="8" name="irangeHRMtest" time="39.772" errors="0" timestamp="2025-12-22T21:19:15 IST">
  <testcase classname="com.orangehrm.tests.DummyTest2" name="demotest" time="0.38"/>
  <testcase classname="com.orangehrm.tests.DummyTest" name="demotest" time="0.321"/>
  <testcase classname="com.orangehrm.tests.LoginPageTest" name="invalidLoginTest" time="10.344"/>
  <testcase classname="com.orangehrm.tests.LocalhostLoginValidation" name="verifyLogin" time="13.546"/>
  <testcase classname="com.orangehrm.tests.ApiTest" name="varifyGetUserAPI" time="5.001"/>
  <testcase classname="com.orangehrm.tests.DBVerificationTest" name="verifyEmployeeFromDB" time="19.032"/>
  <testcase classname="com.orangehrm.tests.HomePageTest" name="login" time="6.009"/>
  <testcase classname="com.orangehrm.tests.LoginPageTest" name="verifyLoginTest" time="8.48"/>
  <testcase classname="com.orangehrm.base.BaseClass" name="@BeforeSuite readingPropertiesFile" time="0.0">
    <ignored/>
  </testcase> <!-- @BeforeSuite readingPropertiesFile -->
  <testcase classname="com.orangehrm.base.BaseClass" name="@BeforeSuite readingPropertiesFile" time="0.0">
    <ignored/>
  </testcase> <!-- @BeforeSuite readingPropertiesFile -->
  <testcase classname="com.orangehrm.base.BaseClass" name="@BeforeSuite readingPropertiesFile" time="0.0">
    <ignored/>
  </testcase> <!-- @BeforeSuite readingPropertiesFile -->
  <testcase classname="com.orangehrm.base.BaseClass" name="@BeforeSuite readingPropertiesFile" time="0.0">
    <ignored/>
  </testcase> <!-- @BeforeSuite readingPropertiesFile -->
  <testcase classname="com.orangehrm.base.BaseClass" name="@BeforeSuite readingPropertiesFile" time="0.0">
    <ignored/>
  </testcase> <!-- @BeforeSuite readingPropertiesFile -->
</testsuite> <!-- irangeHRMtest -->
