<?xml version="1.0" encoding="UTF-8"?>
<!-- Generated by org.testng.reporters.JUnitXMLReporter -->
<testsuite ignored="5" hostname="Manish" failures="0" tests="8" name="irangeHRMtest" time="39.24" errors="0" timestamp="2025-12-22T21:16:21 IST">
  <testcase classname="com.orangehrm.tests.DummyTest2" name="demotest" time="0.604"/>
  <testcase classname="com.orangehrm.tests.DummyTest" name="demotest" time="0.408"/>
  <testcase classname="com.orangehrm.tests.LoginPageTest" name="invalidLoginTest" time="10.111"/>
  <testcase classname="com.orangehrm.tests.LocalhostLoginValidation" name="verifyLogin" time="12.769"/>
  <testcase classname="com.orangehrm.tests.DBVerificationTest" name="verifyEmployeeFromDB" time="17.738"/>
  <testcase classname="com.orangehrm.tests.HomePageTest" name="login" time="7.744"/>
  <testcase classname="com.orangehrm.tests.ApiTest" name="varifyGetUserAPI" time="13.751"/>
  <testcase classname="com.orangehrm.tests.LoginPageTest" name="verifyLoginTest" time="11.038"/>
  <testcase classname="com.orangehrm.base.BaseClass" name="@BeforeSuite readingPropertiesFile" time="0.0">
    <ignored/>
  </testcase> <!-- @BeforeSuite readingPropertiesFile -->
  <testcase classname="com.orangehrm.base.BaseClass" name="@BeforeSuite readingPropertiesFile" time="0.0">
    <ignored/>
  </testcase> <!-- @BeforeSuite readingPropertiesFile -->
  <testcase classname="com.orangehrm.base.BaseClass" name="@BeforeSuite readingPropertiesFile" time="0.0">
    <ignored/>
  </testcase> <!-- @BeforeSuite readingPropertiesFile -->
  <testcase classname="com.orangehrm.base.BaseClass" name="@BeforeSuite readingPropertiesFile" time="0.0">
    <ignored/>
  </testcase> <!-- @BeforeSuite readingPropertiesFile -->
  <testcase classname="com.orangehrm.base.BaseClass" name="@BeforeSuite readingPropertiesFile" time="0.0">
    <ignored/>
  </testcase> <!-- @BeforeSuite readingPropertiesFile -->
</testsuite> <!-- irangeHRMtest -->
