<?xml version="1.0" encoding="UTF-8"?>
<testsuite xmlns:xsi="http://www.w3.org/2001/XMLSchema-instance" xsi:noNamespaceSchemaLocation="https://maven.apache.org/surefire/maven-surefire-plugin/xsd/surefire-test-report.xsd" version="3.0.1" name="TestSuite" time="41.261" tests="8" errors="0" skipped="0" failures="0">
  <properties>
[...]
</properties>
  <testcase name="demotest" classname="com.orangehrm.tests.DummyTest2" time="0.424">
    <system-out><![CDATA[2025-12-22 21:18:35 [main] INFO  BaseClass - config.properties file is loaded!!!
2025-12-22 21:18:39 [TestNG-test-irangeHRMtest-1] INFO  BaseClass - chromeDriver initialized!!!
2025-12-22 21:18:39 [TestNG-test-irangeHRMtest-5] INFO  BaseClass - chromeDriver initialized!!!
2025-12-22 21:18:39 [TestNG-test-irangeHRMtest-2] INFO  BaseClass - chromeDriver initialized!!!
2025-12-22 21:18:40 [TestNG-test-irangeHRMtest-4] INFO  BaseClass - chromeDriver initialized!!!
2025-12-22 21:18:40 [TestNG-test-irangeHRMtest-3] INFO  BaseClass - chromeDriver initialized!!!
HEADLESS WINDOW SIZE: (1920, 1080)
2025-12-22 21:18:41 [TestNG-test-irangeHRMtest-5] INFO  BaseClass - browser is launched and window is mazimized
2025-12-22 21:18:41 [TestNG-test-irangeHRMtest-5] INFO  BaseClass - ActionDriver initialized!!!
2025-12-22 21:18:41 [TestNG-test-irangeHRMtest-5] INFO  BaseClass - ActionDriver class instance is created!!!----->35
2025-12-22 21:18:41 [TestNG-test-irangeHRMtest-5] INFO  BaseClass - starting verifyEmployeeFromDB()
HEADLESS WINDOW SIZE: (1920, 1080)
2025-12-22 21:18:42 [TestNG-test-irangeHRMtest-2] INFO  BaseClass - browser is launched and window is mazimized
2025-12-22 21:18:42 [TestNG-test-irangeHRMtest-2] INFO  BaseClass - ActionDriver initialized!!!
2025-12-22 21:18:42 [TestNG-test-irangeHRMtest-2] INFO  BaseClass - ActionDriver class instance is created!!!----->32
HEADLESS WINDOW SIZE: (1920, 1080)
2025-12-22 21:18:42 [TestNG-test-irangeHRMtest-1] INFO  BaseClass - browser is launched and window is mazimized
2025-12-22 21:18:42 [TestNG-test-irangeHRMtest-1] INFO  BaseClass - ActionDriver initialized!!!
2025-12-22 21:18:42 [TestNG-test-irangeHRMtest-1] INFO  BaseClass - ActionDriver class instance is created!!!----->31
2025-12-22 21:18:42 [TestNG-test-irangeHRMtest-5] INFO  BaseClass - page loaded successfully
title matched
HEADLESS WINDOW SIZE: (1920, 1080)
2025-12-22 21:18:42 [TestNG-test-irangeHRMtest-4] INFO  BaseClass - browser is launched and window is mazimized
2025-12-22 21:18:42 [TestNG-test-irangeHRMtest-4] INFO  BaseClass - ActionDriver initialized!!!
2025-12-22 21:18:42 [TestNG-test-irangeHRMtest-4] INFO  BaseClass - ActionDriver class instance is created!!!----->34
title matched
]]></system-out>
    <system-err><![CDATA[SLF4J(W): No SLF4J providers were found.
SLF4J(W): Defaulting to no-operation (NOP) logger implementation
SLF4J(W): See https://www.slf4j.org/codes.html#noProviders for further details.
]]></system-err>
  </testcase>
  <testcase name="demotest" classname="com.orangehrm.tests.DummyTest" time="0.428"/>
  <testcase name="invalidLoginTest[Admin, xxxxx](1)" classname="com.orangehrm.tests.LoginPageTest" time="10.492">
    <system-out><![CDATA[2025-12-22 21:18:43 [TestNG-test-irangeHRMtest-4] INFO  BaseClass - page loaded successfully
HEADLESS WINDOW SIZE: (1920, 1080)
2025-12-22 21:18:43 [TestNG-test-irangeHRMtest-3] INFO  BaseClass - browser is launched and window is mazimized
2025-12-22 21:18:43 [TestNG-test-irangeHRMtest-3] INFO  BaseClass - ActionDriver initialized!!!
2025-12-22 21:18:43 [TestNG-test-irangeHRMtest-3] INFO  BaseClass - ActionDriver class instance is created!!!----->33
2025-12-22 21:18:43 [TestNG-test-irangeHRMtest-3] INFO  BaseClass - page loaded successfully
2025-12-22 21:18:43 [TestNG-test-irangeHRMtest-5] INFO  BaseClass - applied green color on border of element element with Name attribute:username
2025-12-22 21:18:43 [TestNG-test-irangeHRMtest-5] INFO  BaseClass - element with Name attribute:username is visible
2025-12-22 21:18:44 [TestNG-test-irangeHRMtest-4] INFO  BaseClass - applied green color on border of element element with Name attribute:username
2025-12-22 21:18:44 [TestNG-test-irangeHRMtest-4] INFO  BaseClass - element with Name attribute:username is visible
2025-12-22 21:18:44 [TestNG-test-irangeHRMtest-3] INFO  BaseClass - applied green color on border of element element with Name attribute:username
2025-12-22 21:18:44 [TestNG-test-irangeHRMtest-5] INFO  BaseClass - applied green color on border of element element with Name attribute:username
2025-12-22 21:18:44 [TestNG-test-irangeHRMtest-3] INFO  BaseClass - element with Name attribute:username is visible
2025-12-22 21:18:44 [TestNG-test-irangeHRMtest-4] INFO  BaseClass - applied green color on border of element element with Name attribute:username
2025-12-22 21:18:44 [TestNG-test-irangeHRMtest-5] INFO  BaseClass - Entered text :admin in element with Name attribute:username
2025-12-22 21:18:44 [TestNG-test-irangeHRMtest-3] INFO  BaseClass - applied green color on border of element element with Name attribute:username
2025-12-22 21:18:44 [TestNG-test-irangeHRMtest-5] INFO  BaseClass - page loaded successfully
2025-12-22 21:18:44 [TestNG-test-irangeHRMtest-4] INFO  BaseClass - Entered text :admin in element with Name attribute:username
2025-12-22 21:18:45 [TestNG-test-irangeHRMtest-4] INFO  BaseClass - page loaded successfully
2025-12-22 21:18:45 [TestNG-test-irangeHRMtest-3] INFO  BaseClass - Entered text :Admin in element with Name attribute:username
2025-12-22 21:18:45 [TestNG-test-irangeHRMtest-5] INFO  BaseClass - applied green color on border of element element with Name attribute:password
2025-12-22 21:18:45 [TestNG-test-irangeHRMtest-3] INFO  BaseClass - page loaded successfully
2025-12-22 21:18:45 [TestNG-test-irangeHRMtest-5] INFO  BaseClass - element with Name attribute:password is visible
2025-12-22 21:18:45 [TestNG-test-irangeHRMtest-3] INFO  BaseClass - applied green color on border of element element with Name attribute:password
2025-12-22 21:18:45 [TestNG-test-irangeHRMtest-4] INFO  BaseClass - applied green color on border of element element with Name attribute:password
2025-12-22 21:18:45 [TestNG-test-irangeHRMtest-4] INFO  BaseClass - element with Name attribute:password is visible
2025-12-22 21:18:45 [TestNG-test-irangeHRMtest-3] INFO  BaseClass - element with Name attribute:password is visible
2025-12-22 21:18:45 [TestNG-test-irangeHRMtest-5] INFO  BaseClass - applied green color on border of element element with Name attribute:password
2025-12-22 21:18:45 [TestNG-test-irangeHRMtest-4] INFO  BaseClass - applied green color on border of element element with Name attribute:password
2025-12-22 21:18:45 [TestNG-test-irangeHRMtest-3] INFO  BaseClass - applied green color on border of element element with Name attribute:password
2025-12-22 21:18:45 [TestNG-test-irangeHRMtest-5] INFO  BaseClass - Entered text :Manish@880 in element with Name attribute:password
2025-12-22 21:18:45 [TestNG-test-irangeHRMtest-4] INFO  BaseClass - Entered text :Manish@880 in element with Name attribute:password
2025-12-22 21:18:45 [TestNG-test-irangeHRMtest-3] INFO  BaseClass - Entered text :xxxxx in element with Name attribute:password
2025-12-22 21:18:45 [TestNG-test-irangeHRMtest-5] INFO  BaseClass - page loaded successfully
2025-12-22 21:18:45 [TestNG-test-irangeHRMtest-4] INFO  BaseClass - page loaded successfully
2025-12-22 21:18:45 [TestNG-test-irangeHRMtest-3] INFO  BaseClass - page loaded successfully
2025-12-22 21:18:46 [TestNG-test-irangeHRMtest-5] INFO  BaseClass - applied green color on border of element element with class attribute:oxd-button oxd-button--medium oxd-button--main orangehrm-login-button
2025-12-22 21:18:46 [TestNG-test-irangeHRMtest-5] INFO  BaseClass - located element by element with class attribute:oxd-button oxd-button--medium oxd-button--main orangehrm-login-button is clickable
2025-12-22 21:18:46 [TestNG-test-irangeHRMtest-4] INFO  BaseClass - applied green color on border of element element with class attribute:oxd-button oxd-button--medium oxd-button--main orangehrm-login-button
2025-12-22 21:18:46 [TestNG-test-irangeHRMtest-3] INFO  BaseClass - applied green color on border of element element with class attribute:oxd-button oxd-button--medium oxd-button--main orangehrm-login-button
2025-12-22 21:18:46 [TestNG-test-irangeHRMtest-4] INFO  BaseClass - located element by element with class attribute:oxd-button oxd-button--medium oxd-button--main orangehrm-login-button is clickable
2025-12-22 21:18:46 [TestNG-test-irangeHRMtest-3] INFO  BaseClass - located element by element with class attribute:oxd-button oxd-button--medium oxd-button--main orangehrm-login-button is clickable
2025-12-22 21:18:46 [TestNG-test-irangeHRMtest-5] INFO  BaseClass - applied green color on border of element element with class attribute:oxd-button oxd-button--medium oxd-button--main orangehrm-login-button
2025-12-22 21:18:46 [TestNG-test-irangeHRMtest-4] INFO  BaseClass - applied green color on border of element element with class attribute:oxd-button oxd-button--medium oxd-button--main orangehrm-login-button
2025-12-22 21:18:46 [TestNG-test-irangeHRMtest-3] INFO  BaseClass - applied green color on border of element element with class attribute:oxd-button oxd-button--medium oxd-button--main orangehrm-login-button
2025-12-22 21:18:47 [TestNG-test-irangeHRMtest-3] INFO  BaseClass - clicked on :element with class attribute:oxd-button oxd-button--medium oxd-button--main orangehrm-login-button
2025-12-22 21:18:47 [TestNG-test-irangeHRMtest-4] INFO  BaseClass - clicked on :element with class attribute:oxd-button oxd-button--medium oxd-button--main orangehrm-login-button
2025-12-22 21:18:47 [TestNG-test-irangeHRMtest-5] INFO  BaseClass - clicked on :element with class attribute:oxd-button oxd-button--medium oxd-button--main orangehrm-login-button
2025-12-22 21:18:48 [TestNG-test-irangeHRMtest-3] INFO  BaseClass - page loaded successfully
2025-12-22 21:18:48 [TestNG-test-irangeHRMtest-4] INFO  BaseClass - page loaded successfully
2025-12-22 21:18:48 [TestNG-test-irangeHRMtest-3] INFO  BaseClass - applied green color on border of element element with class attribute:oxd-text oxd-text--p oxd-alert-content-text
2025-12-22 21:18:49 [TestNG-test-irangeHRMtest-3] INFO  BaseClass - element with class attribute:oxd-text oxd-text--p oxd-alert-content-text is visible
2025-12-22 21:18:50 [TestNG-test-irangeHRMtest-5] INFO  BaseClass - page loaded successfully
2025-12-22 21:18:51 [TestNG-test-irangeHRMtest-4] INFO  BaseClass - applied green color on border of element element with class attribute:oxd-text oxd-text--span oxd-main-menu-item--name
2025-12-22 21:18:51 [TestNG-test-irangeHRMtest-5] INFO  BaseClass - applied green color on border of element element with class attribute:oxd-text oxd-text--span oxd-main-menu-item--name
2025-12-22 21:18:51 [TestNG-test-irangeHRMtest-4] INFO  BaseClass - element with class attribute:oxd-text oxd-text--span oxd-main-menu-item--name is visible
2025-12-22 21:18:51 [TestNG-test-irangeHRMtest-5] INFO  BaseClass - located element by element with class attribute:oxd-text oxd-text--span oxd-main-menu-item--name is clickable
2025-12-22 21:18:51 [TestNG-test-irangeHRMtest-3] INFO  BaseClass - applied green color on border of element element with class attribute:oxd-text oxd-text--p oxd-alert-content-text
2025-12-22 21:18:51 [TestNG-test-irangeHRMtest-3] INFO  BaseClass - Text are equals :Invalid credentialsequals to Invalid credentials
2025-12-22 21:18:51 [TestNG-test-irangeHRMtest-4] INFO  BaseClass - applied green color on border of element element with class attribute:oxd-text oxd-text--span oxd-main-menu-item--name
2025-12-22 21:18:51 [TestNG-test-irangeHRMtest-5] INFO  BaseClass - applied green color on border of element element with class attribute:oxd-text oxd-text--span oxd-main-menu-item--name
2025-12-22 21:18:51 [TestNG-test-irangeHRMtest-4] INFO  BaseClass - element is displayed :element with class attribute:oxd-text oxd-text--span oxd-main-menu-item--name
2025-12-22 21:18:51 [TestNG-test-irangeHRMtest-4] INFO  BaseClass - page loaded successfully
2025-12-22 21:18:52 [TestNG-test-irangeHRMtest-4] INFO  BaseClass - applied green color on border of element element with class attribute:oxd-userdropdown-tab
2025-12-22 21:18:52 [TestNG-test-irangeHRMtest-4] INFO  BaseClass - located element by element with class attribute:oxd-userdropdown-tab is clickable
2025-12-22 21:18:52 [TestNG-test-irangeHRMtest-4] INFO  BaseClass - applied green color on border of element element with class attribute:oxd-userdropdown-tab
2025-12-22 21:18:52 [TestNG-test-irangeHRMtest-4] INFO  BaseClass - clicked on :element with class attribute:oxd-userdropdown-tab
2025-12-22 21:18:52 [TestNG-test-irangeHRMtest-4] INFO  BaseClass - page loaded successfully
2025-12-22 21:18:52 [TestNG-test-irangeHRMtest-4] INFO  BaseClass - applied green color on border of element element with class attribute:oxd-userdropdown-link
2025-12-22 21:18:53 [TestNG-test-irangeHRMtest-4] INFO  BaseClass - located element by element with class attribute:oxd-userdropdown-link is clickable
2025-12-22 21:18:53 [TestNG-test-irangeHRMtest-4] INFO  BaseClass - applied green color on border of element element with class attribute:oxd-userdropdown-link
2025-12-22 21:18:53 [TestNG-test-irangeHRMtest-5] INFO  BaseClass - clicked on :element with class attribute:oxd-text oxd-text--span oxd-main-menu-item--name
2025-12-22 21:18:53 [TestNG-test-irangeHRMtest-5] INFO  BaseClass - clicked on PIM Tab
2025-12-22 21:18:53 [TestNG-test-irangeHRMtest-5] INFO  BaseClass - page loaded successfully
]]></system-out>
  </testcase>
  <testcase name="verifyLoginTest[admin, Manish@880](1)" classname="com.orangehrm.tests.LoginPageTest" time="8.609">
    <system-out><![CDATA[2025-12-22 21:19:05 [TestNG-test-irangeHRMtest-3] INFO  BaseClass - applied green color on border of element element with Name attribute:username
2025-12-22 21:19:05 [TestNG-test-irangeHRMtest-3] INFO  BaseClass - Entered text :admin in element with Name attribute:username
2025-12-22 21:19:05 [TestNG-test-irangeHRMtest-3] INFO  BaseClass - page loaded successfully
2025-12-22 21:19:06 [TestNG-test-irangeHRMtest-3] INFO  BaseClass - applied green color on border of element element with Name attribute:password
2025-12-22 21:19:06 [TestNG-test-irangeHRMtest-3] INFO  BaseClass - element with Name attribute:password is visible
2025-12-22 21:19:06 [TestNG-test-irangeHRMtest-3] INFO  BaseClass - applied green color on border of element element with Name attribute:password
2025-12-22 21:19:06 [TestNG-test-irangeHRMtest-3] INFO  BaseClass - Entered text :Manish@880 in element with Name attribute:password
2025-12-22 21:19:06 [TestNG-test-irangeHRMtest-3] INFO  BaseClass - page loaded successfully
2025-12-22 21:19:06 [TestNG-test-irangeHRMtest-3] INFO  BaseClass - applied green color on border of element element with class attribute:oxd-button oxd-button--medium oxd-button--main orangehrm-login-button
2025-12-22 21:19:06 [TestNG-test-irangeHRMtest-3] INFO  BaseClass - located element by element with class attribute:oxd-button oxd-button--medium oxd-button--main orangehrm-login-button is clickable
2025-12-22 21:19:06 [TestNG-test-irangeHRMtest-3] INFO  BaseClass - applied green color on border of element element with class attribute:oxd-button oxd-button--medium oxd-button--main orangehrm-login-button
2025-12-22 21:19:06 [TestNG-test-irangeHRMtest-3] INFO  BaseClass - clicked on :element with class attribute:oxd-button oxd-button--medium oxd-button--main orangehrm-login-button
2025-12-22 21:19:07 [TestNG-test-irangeHRMtest-2] INFO  BaseClass - webdriver & ActionDriver classes instance terminated!!!
2025-12-22 21:19:08 [TestNG-test-irangeHRMtest-3] INFO  BaseClass - page loaded successfully
2025-12-22 21:19:08 [TestNG-test-irangeHRMtest-3] INFO  BaseClass - applied green color on border of element element with class attribute:oxd-text oxd-text--span oxd-main-menu-item--name
2025-12-22 21:19:08 [TestNG-test-irangeHRMtest-3] INFO  BaseClass - element with class attribute:oxd-text oxd-text--span oxd-main-menu-item--name is visible
2025-12-22 21:19:09 [TestNG-test-irangeHRMtest-3] INFO  BaseClass - applied green color on border of element element with class attribute:oxd-text oxd-text--span oxd-main-menu-item--name
2025-12-22 21:19:09 [TestNG-test-irangeHRMtest-3] INFO  BaseClass - element is displayed :element with class attribute:oxd-text oxd-text--span oxd-main-menu-item--name
2025-12-22 21:19:09 [TestNG-test-irangeHRMtest-3] INFO  BaseClass - page loaded successfully
2025-12-22 21:19:09 [TestNG-test-irangeHRMtest-3] INFO  BaseClass - applied green color on border of element element with class attribute:oxd-userdropdown-tab
2025-12-22 21:19:09 [TestNG-test-irangeHRMtest-3] INFO  BaseClass - located element by element with class attribute:oxd-userdropdown-tab is clickable
2025-12-22 21:19:09 [TestNG-test-irangeHRMtest-3] INFO  BaseClass - applied green color on border of element element with class attribute:oxd-userdropdown-tab
2025-12-22 21:19:09 [TestNG-test-irangeHRMtest-3] INFO  BaseClass - clicked on :element with class attribute:oxd-userdropdown-tab
2025-12-22 21:19:09 [TestNG-test-irangeHRMtest-3] INFO  BaseClass - page loaded successfully
2025-12-22 21:19:10 [TestNG-test-irangeHRMtest-3] INFO  BaseClass - applied green color on border of element element with class attribute:oxd-userdropdown-link
2025-12-22 21:19:10 [TestNG-test-irangeHRMtest-3] INFO  BaseClass - located element by element with class attribute:oxd-userdropdown-link is clickable
2025-12-22 21:19:10 [TestNG-test-irangeHRMtest-3] INFO  BaseClass - applied green color on border of element element with class attribute:oxd-userdropdown-link
2025-12-22 21:19:11 [TestNG-test-irangeHRMtest-3] INFO  BaseClass - clicked on :element with class attribute:oxd-userdropdown-link
]]></system-out>
  </testcase>
  <testcase name="verifyLogin[admin, Manish@880](1)" classname="com.orangehrm.tests.LocalhostLoginValidation" time="1.089">
    <system-out><![CDATA[2025-12-22 21:18:54 [TestNG-test-irangeHRMtest-4] INFO  BaseClass - clicked on :element with class attribute:oxd-userdropdown-link
2025-12-22 21:18:54 [TestNG-test-irangeHRMtest-5] INFO  BaseClass - applied green color on border of element element with placeholder attribute:Type for hints...
2025-12-22 21:18:54 [TestNG-test-irangeHRMtest-5] INFO  BaseClass - element with placeholder attribute:Type for hints... is visible
2025-12-22 21:18:54 [TestNG-test-irangeHRMtest-5] INFO  BaseClass - applied green color on border of element element with placeholder attribute:Type for hints...
2025-12-22 21:18:54 [TestNG-test-irangeHRMtest-5] INFO  BaseClass - Entered text :harish in element with placeholder attribute:Type for hints...
2025-12-22 21:18:54 [TestNG-test-irangeHRMtest-5] INFO  BaseClass - page loaded successfully
2025-12-22 21:18:55 [TestNG-test-irangeHRMtest-5] INFO  BaseClass - applied green color on border of element element with class attribute:oxd-button oxd-button--medium oxd-button--secondary orangehrm-left-space
2025-12-22 21:18:55 [TestNG-test-irangeHRMtest-5] INFO  BaseClass - located element by element with class attribute:oxd-button oxd-button--medium oxd-button--secondary orangehrm-left-space is clickable
2025-12-22 21:18:55 [TestNG-test-irangeHRMtest-2] INFO  BaseClass - webdriver & ActionDriver classes instance terminated!!!
2025-12-22 21:18:55 [TestNG-test-irangeHRMtest-1] INFO  BaseClass - webdriver & ActionDriver classes instance terminated!!!
2025-12-22 21:18:55 [TestNG-test-irangeHRMtest-5] INFO  BaseClass - applied green color on border of element element with class attribute:oxd-button oxd-button--medium oxd-button--secondary orangehrm-left-space
2025-12-22 21:18:55 [TestNG-test-irangeHRMtest-5] INFO  BaseClass - clicked on :element with class attribute:oxd-button oxd-button--medium oxd-button--secondary orangehrm-left-space
]]></system-out>
  </testcase>
  <testcase name="varifyGetUserAPI" classname="com.orangehrm.tests.ApiTest" time="0.931">
    <system-out><![CDATA[2025-12-22 21:18:57 [TestNG-test-irangeHRMtest-2] INFO  BaseClass - chromeDriver initialized!!!
2025-12-22 21:18:58 [TestNG-test-irangeHRMtest-5] INFO  BaseClass - applied green color on border of element element with class attribute:oxd-table-cell oxd-padding-cell
2025-12-22 21:18:58 [TestNG-test-irangeHRMtest-5] INFO  BaseClass - page is scrolled to element :element with class attribute:oxd-table-cell oxd-padding-cell
Starting DB Connection...
2025-12-22 21:18:59 [TestNG-test-irangeHRMtest-5] INFO  BaseClass - DB connection successfull
2025-12-22 21:18:59 [TestNG-test-irangeHRMtest-5] INFO  BaseClass - Executing query :SELECT employee_id,emp_firstname,emp_middle_name,emp_lastname FROM hs_hr_employee WHERE employee_id=0002
2025-12-22 21:18:59 [TestNG-test-irangeHRMtest-5] INFO  BaseClass - query executed successfully
2025-12-22 21:18:59 [TestNG-test-irangeHRMtest-5] INFO  BaseClass - able to store data from DB
EmployeeName fetch from BD========>harish kumar
HEADLESS WINDOW SIZE: (1920, 1080)
2025-12-22 21:18:59 [TestNG-test-irangeHRMtest-2] INFO  BaseClass - browser is launched and window is mazimized
2025-12-22 21:18:59 [TestNG-test-irangeHRMtest-2] INFO  BaseClass - ActionDriver initialized!!!
2025-12-22 21:18:59 [TestNG-test-irangeHRMtest-2] INFO  BaseClass - ActionDriver class instance is created!!!----->32
2025-12-22 21:18:59 [TestNG-test-irangeHRMtest-5] INFO  BaseClass - page loaded successfully
2025-12-22 21:18:59 [TestNG-test-irangeHRMtest-2] INFO  BaseClass - page loaded successfully
2025-12-22 21:18:59 [TestNG-test-irangeHRMtest-5] INFO  BaseClass - applied green color on border of element element with class attribute:oxd-table-cell oxd-padding-cell
2025-12-22 21:19:00 [TestNG-test-irangeHRMtest-5] INFO  BaseClass - element with class attribute:oxd-table-cell oxd-padding-cell is visible
]]></system-out>
    <system-err><![CDATA[Dec 22, 2025 9:18:58 PM io.opentelemetry.api.GlobalOpenTelemetry maybeAutoConfigureAndSetGlobal
INFO: AutoConfiguredOpenTelemetrySdk found on classpath but automatic configuration is disabled. To enable, run your JVM with -Dotel.java.global-autoconfigure.enabled=true
]]></system-err>
  </testcase>
  <testcase name="verifyEmployeeFromDB" classname="com.orangehrm.tests.DBVerificationTest" time="1.66">
    <system-out><![CDATA[2025-12-22 21:19:00 [TestNG-test-irangeHRMtest-2] INFO  BaseClass - applied green color on border of element element with Name attribute:username
2025-12-22 21:19:00 [TestNG-test-irangeHRMtest-2] INFO  BaseClass - element with Name attribute:username is visible
2025-12-22 21:19:00 [TestNG-test-irangeHRMtest-5] INFO  BaseClass - applied green color on border of element element with class attribute:oxd-table-cell oxd-padding-cell
2025-12-22 21:19:00 [TestNG-test-irangeHRMtest-5] INFO  BaseClass - Text are equals :harish kumarequals to harish kumar
2025-12-22 21:19:00 [TestNG-test-irangeHRMtest-5] INFO  BaseClass - page loaded successfully
2025-12-22 21:19:00 [TestNG-test-irangeHRMtest-2] INFO  BaseClass - applied green color on border of element element with Name attribute:username
2025-12-22 21:19:00 [TestNG-test-irangeHRMtest-5] INFO  BaseClass - applied green color on border of element element with class attribute:oxd-table-cell oxd-padding-cell
2025-12-22 21:19:00 [TestNG-test-irangeHRMtest-5] INFO  BaseClass - element with class attribute:oxd-table-cell oxd-padding-cell is visible
2025-12-22 21:19:00 [TestNG-test-irangeHRMtest-2] INFO  BaseClass - Entered text :admin in element with Name attribute:username
2025-12-22 21:19:00 [TestNG-test-irangeHRMtest-2] INFO  BaseClass - page loaded successfully
2025-12-22 21:19:00 [TestNG-test-irangeHRMtest-5] INFO  BaseClass - applied green color on border of element element with class attribute:oxd-table-cell oxd-padding-cell
2025-12-22 21:19:00 [TestNG-test-irangeHRMtest-5] INFO  BaseClass - Text are equals :anuragiequals to anuragi
2025-12-22 21:19:00 [TestNG-test-irangeHRMtest-5] INFO  BaseClass - verifyEmployeeFromDB COMPLETED
2025-12-22 21:19:00 [TestNG-test-irangeHRMtest-2] INFO  BaseClass - applied green color on border of element element with Name attribute:password
2025-12-22 21:19:00 [TestNG-test-irangeHRMtest-2] INFO  BaseClass - element with Name attribute:password is visible
]]></system-out>
  </testcase>
  <testcase name="login[admin, Manish@880](1)" classname="com.orangehrm.tests.HomePageTest" time="0.871">
    <system-out><![CDATA[2025-12-22 21:19:01 [TestNG-test-irangeHRMtest-2] INFO  BaseClass - applied green color on border of element element with Name attribute:password
2025-12-22 21:19:01 [TestNG-test-irangeHRMtest-2] INFO  BaseClass - Entered text :Manish@880 in element with Name attribute:password
2025-12-22 21:19:01 [TestNG-test-irangeHRMtest-2] INFO  BaseClass - page loaded successfully
2025-12-22 21:19:01 [TestNG-test-irangeHRMtest-2] INFO  BaseClass - applied green color on border of element element with class attribute:oxd-button oxd-button--medium oxd-button--main orangehrm-login-button
2025-12-22 21:19:01 [TestNG-test-irangeHRMtest-2] INFO  BaseClass - located element by element with class attribute:oxd-button oxd-button--medium oxd-button--main orangehrm-login-button is clickable
2025-12-22 21:19:01 [TestNG-test-irangeHRMtest-2] INFO  BaseClass - applied green color on border of element element with class attribute:oxd-button oxd-button--medium oxd-button--main orangehrm-login-button
2025-12-22 21:19:01 [TestNG-test-irangeHRMtest-2] INFO  BaseClass - clicked on :element with class attribute:oxd-button oxd-button--medium oxd-button--main orangehrm-login-button
2025-12-22 21:19:01 [TestNG-test-irangeHRMtest-2] INFO  BaseClass - page loaded successfully
2025-12-22 21:19:02 [TestNG-test-irangeHRMtest-4] INFO  BaseClass - webdriver & ActionDriver classes instance terminated!!!
2025-12-22 21:19:02 [TestNG-test-irangeHRMtest-3] INFO  BaseClass - webdriver & ActionDriver classes instance terminated!!!
2025-12-22 21:19:03 [TestNG-test-irangeHRMtest-3] INFO  BaseClass - chromeDriver initialized!!!
2025-12-22 21:19:04 [TestNG-test-irangeHRMtest-2] INFO  BaseClass - applied green color on border of element unable to describe element attribute type!!!
2025-12-22 21:19:04 [TestNG-test-irangeHRMtest-2] INFO  BaseClass - unable to describe element attribute type!!! is visible
HEADLESS WINDOW SIZE: (1920, 1080)
2025-12-22 21:19:04 [TestNG-test-irangeHRMtest-3] INFO  BaseClass - browser is launched and window is mazimized
2025-12-22 21:19:04 [TestNG-test-irangeHRMtest-3] INFO  BaseClass - ActionDriver initialized!!!
2025-12-22 21:19:04 [TestNG-test-irangeHRMtest-3] INFO  BaseClass - ActionDriver class instance is created!!!----->33
2025-12-22 21:19:04 [TestNG-test-irangeHRMtest-3] INFO  BaseClass - page loaded successfully
2025-12-22 21:19:04 [TestNG-test-irangeHRMtest-2] INFO  BaseClass - applied green color on border of element unable to describe element attribute type!!!
2025-12-22 21:19:05 [TestNG-test-irangeHRMtest-2] INFO  BaseClass - element is displayed :unable to describe element attribute type!!!
2025-12-22 21:19:05 [TestNG-test-irangeHRMtest-3] INFO  BaseClass - applied green color on border of element element with Name attribute:username
2025-12-22 21:19:05 [TestNG-test-irangeHRMtest-5] INFO  BaseClass - webdriver & ActionDriver classes instance terminated!!!
2025-12-22 21:19:05 [TestNG-test-irangeHRMtest-3] INFO  BaseClass - element with Name attribute:username is visible
]]></system-out>
  </testcase>
</testsuite>