<?xml version="1.0" encoding="UTF-8"?>
<testng-results ignored="0" total="8" passed="8" failed="0" skipped="0">
  <reporter-output>
  </reporter-output>
  <suite started-at="2025-12-22T21:15:42 IST" name="orangeHRMsuite" finished-at="2025-12-22T21:16:21 IST" duration-ms="39240">
    <groups>
    </groups>
    <test started-at="2025-12-22T21:15:42 IST" name="irangeHRMtest" finished-at="2025-12-22T21:16:21 IST" duration-ms="39240">
      <class name="com.orangehrm.tests.LoginPageTest">
        <test-method is-config="true" signature="setUp()[pri:0, instance:com.orangehrm.tests.LoginPageTest@21fd5faa]" started-at="2025-12-22T21:15:43 IST" name="setUp" finished-at="2025-12-22T21:15:49 IST" duration-ms="5452" status="PASS">
          <reporter-output>
          </reporter-output>
        </test-method> <!-- setUp -->
        <test-method is-config="true" signature="setupPages()[pri:0, instance:com.orangehrm.tests.LoginPageTest@21fd5faa]" started-at="2025-12-22T21:15:49 IST" name="setupPages" finished-at="2025-12-22T21:15:49 IST" duration-ms="1" status="PASS">
          <reporter-output>
          </reporter-output>
        </test-method> <!-- setupPages -->
        <test-method signature="invalidLoginTest(java.lang.String,java.lang.String)[pri:0, instance:com.orangehrm.tests.LoginPageTest@21fd5faa]" started-at="2025-12-22T21:15:49 IST" name="invalidLoginTest" data-provider="invalid" finished-at="2025-12-22T21:15:59 IST" duration-ms="10111" status="PASS">
          <params>
            <param index="0">
              <value>
                <![CDATA[Admin]]>
              </value>
            </param>
            <param index="1">
              <value>
                <![CDATA[xxxxx]]>
              </value>
            </param>
          </params>
          <reporter-output>
          </reporter-output>
        </test-method> <!-- invalidLoginTest -->
        <test-method is-config="true" signature="tearDown()[pri:0, instance:com.orangehrm.tests.LoginPageTest@21fd5faa]" started-at="2025-12-22T21:15:59 IST" name="tearDown" finished-at="2025-12-22T21:16:04 IST" duration-ms="4723" status="PASS">
          <reporter-output>
          </reporter-output>
        </test-method> <!-- tearDown -->
        <test-method is-config="true" signature="setUp()[pri:0, instance:com.orangehrm.tests.LoginPageTest@21fd5faa]" started-at="2025-12-22T21:16:04 IST" name="setUp" finished-at="2025-12-22T21:16:06 IST" duration-ms="2581" status="PASS">
          <reporter-output>
          </reporter-output>
        </test-method> <!-- setUp -->
        <test-method is-config="true" signature="setupPages()[pri:0, instance:com.orangehrm.tests.LoginPageTest@21fd5faa]" started-at="2025-12-22T21:16:06 IST" name="setupPages" finished-at="2025-12-22T21:16:06 IST" duration-ms="1" status="PASS">
          <reporter-output>
          </reporter-output>
        </test-method> <!-- setupPages -->
        <test-method signature="verifyLoginTest(java.lang.String,java.lang.String)[pri:0, instance:com.orangehrm.tests.LoginPageTest@21fd5faa]" started-at="2025-12-22T21:16:06 IST" name="verifyLoginTest" data-provider="localhost" finished-at="2025-12-22T21:16:17 IST" duration-ms="11038" status="PASS">
          <params>
            <param index="0">
              <value>
                <![CDATA[admin]]>
              </value>
            </param>
            <param index="1">
              <value>
                <![CDATA[Manish@880]]>
              </value>
            </param>
          </params>
          <reporter-output>
          </reporter-output>
        </test-method> <!-- verifyLoginTest -->
        <test-method is-config="true" signature="tearDown()[pri:0, instance:com.orangehrm.tests.LoginPageTest@21fd5faa]" started-at="2025-12-22T21:16:17 IST" name="tearDown" finished-at="2025-12-22T21:16:21 IST" duration-ms="3709" status="PASS">
          <reporter-output>
          </reporter-output>
        </test-method> <!-- tearDown -->
      </class> <!-- com.orangehrm.tests.LoginPageTest -->
      <class name="com.orangehrm.tests.DBVerificationTest">
        <test-method is-config="true" signature="setUp()[pri:0, instance:com.orangehrm.tests.DBVerificationTest@1921ad94]" started-at="2025-12-22T21:15:42 IST" name="setUp" finished-at="2025-12-22T21:15:48 IST" duration-ms="5675" status="PASS">
          <reporter-output>
          </reporter-output>
        </test-method> <!-- setUp -->
        <test-method is-config="true" signature="setUpPages()[pri:0, instance:com.orangehrm.tests.DBVerificationTest@1921ad94]" started-at="2025-12-22T21:15:48 IST" name="setUpPages" finished-at="2025-12-22T21:15:48 IST" duration-ms="3" status="PASS">
          <reporter-output>
          </reporter-output>
        </test-method> <!-- setUpPages -->
        <test-method signature="verifyEmployeeFromDB()[pri:0, instance:com.orangehrm.tests.DBVerificationTest@1921ad94]" started-at="2025-12-22T21:15:48 IST" name="verifyEmployeeFromDB" finished-at="2025-12-22T21:16:06 IST" duration-ms="17738" status="PASS">
          <reporter-output>
          </reporter-output>
        </test-method> <!-- verifyEmployeeFromDB -->
        <test-method is-config="true" signature="tearDown()[pri:0, instance:com.orangehrm.tests.DBVerificationTest@1921ad94]" started-at="2025-12-22T21:16:06 IST" name="tearDown" finished-at="2025-12-22T21:16:08 IST" duration-ms="2392" status="PASS">
          <reporter-output>
          </reporter-output>
        </test-method> <!-- tearDown -->
      </class> <!-- com.orangehrm.tests.DBVerificationTest -->
      <class name="com.orangehrm.tests.DummyTest">
        <test-method is-config="true" signature="readingPropertiesFile()[pri:0, instance:com.orangehrm.tests.DummyTest@2f16c6b3]" started-at="2025-12-22T21:15:42 IST" name="readingPropertiesFile" finished-at="2025-12-22T21:15:42 IST" duration-ms="24" status="PASS">
          <reporter-output>
          </reporter-output>
        </test-method> <!-- readingPropertiesFile -->
        <test-method is-config="true" signature="setUp()[pri:0, instance:com.orangehrm.tests.DummyTest@2f16c6b3]" started-at="2025-12-22T21:15:42 IST" name="setUp" finished-at="2025-12-22T21:15:49 IST" duration-ms="6378" status="PASS">
          <reporter-output>
          </reporter-output>
        </test-method> <!-- setUp -->
        <test-method signature="demotest()[pri:0, instance:com.orangehrm.tests.DummyTest@2f16c6b3]" started-at="2025-12-22T21:15:49 IST" name="demotest" finished-at="2025-12-22T21:15:49 IST" duration-ms="408" status="PASS">
          <reporter-output>
          </reporter-output>
        </test-method> <!-- demotest -->
        <test-method is-config="true" signature="tearDown()[pri:0, instance:com.orangehrm.tests.DummyTest@2f16c6b3]" started-at="2025-12-22T21:15:49 IST" name="tearDown" finished-at="2025-12-22T21:16:00 IST" duration-ms="10830" status="PASS">
          <reporter-output>
          </reporter-output>
        </test-method> <!-- tearDown -->
      </class> <!-- com.orangehrm.tests.DummyTest -->
      <class name="com.orangehrm.tests.ApiTest">
        <test-method signature="varifyGetUserAPI()[pri:0, instance:com.orangehrm.tests.ApiTest@ee86bcb]" started-at="2025-12-22T21:16:00 IST" name="varifyGetUserAPI" finished-at="2025-12-22T21:16:14 IST" duration-ms="13751" status="PASS">
          <reporter-output>
          </reporter-output>
        </test-method> <!-- varifyGetUserAPI -->
      </class> <!-- com.orangehrm.tests.ApiTest -->
      <class name="com.orangehrm.tests.LocalhostLoginValidation">
        <test-method is-config="true" signature="setUp()[pri:0, instance:com.orangehrm.tests.LocalhostLoginValidation@10cf09e8]" started-at="2025-12-22T21:15:43 IST" name="setUp" finished-at="2025-12-22T21:15:49 IST" duration-ms="5900" status="PASS">
          <reporter-output>
          </reporter-output>
        </test-method> <!-- setUp -->
        <test-method signature="verifyLogin(java.lang.String,java.lang.String)[pri:0, instance:com.orangehrm.tests.LocalhostLoginValidation@10cf09e8]" started-at="2025-12-22T21:15:49 IST" name="verifyLogin" data-provider="localhost" finished-at="2025-12-22T21:16:02 IST" duration-ms="12769" status="PASS">
          <params>
            <param index="0">
              <value>
                <![CDATA[admin]]>
              </value>
            </param>
            <param index="1">
              <value>
                <![CDATA[Manish@880]]>
              </value>
            </param>
          </params>
          <reporter-output>
          </reporter-output>
        </test-method> <!-- verifyLogin -->
        <test-method is-config="true" signature="setupPages()[pri:0, instance:com.orangehrm.tests.LocalhostLoginValidation@10cf09e8]" started-at="2025-12-22T21:15:49 IST" name="setupPages" finished-at="2025-12-22T21:15:49 IST" duration-ms="0" status="PASS">
          <reporter-output>
          </reporter-output>
        </test-method> <!-- setupPages -->
        <test-method is-config="true" signature="tearDown()[pri:0, instance:com.orangehrm.tests.LocalhostLoginValidation@10cf09e8]" started-at="2025-12-22T21:16:02 IST" name="tearDown" finished-at="2025-12-22T21:16:08 IST" duration-ms="5909" status="PASS">
          <reporter-output>
          </reporter-output>
        </test-method> <!-- tearDown -->
      </class> <!-- com.orangehrm.tests.LocalhostLoginValidation -->
      <class name="com.orangehrm.tests.DummyTest2">
        <test-method is-config="true" signature="setUp()[pri:0, instance:com.orangehrm.tests.DummyTest2@6dab9b6d]" started-at="2025-12-22T21:15:42 IST" name="setUp" finished-at="2025-12-22T21:15:48 IST" duration-ms="5652" status="PASS">
          <reporter-output>
          </reporter-output>
        </test-method> <!-- setUp -->
        <test-method signature="demotest()[pri:0, instance:com.orangehrm.tests.DummyTest2@6dab9b6d]" started-at="2025-12-22T21:15:48 IST" name="demotest" finished-at="2025-12-22T21:15:48 IST" duration-ms="604" status="PASS">
          <reporter-output>
          </reporter-output>
        </test-method> <!-- demotest -->
        <test-method is-config="true" signature="tearDown()[pri:0, instance:com.orangehrm.tests.DummyTest2@6dab9b6d]" started-at="2025-12-22T21:15:49 IST" name="tearDown" finished-at="2025-12-22T21:16:01 IST" duration-ms="11740" status="PASS">
          <reporter-output>
          </reporter-output>
        </test-method> <!-- tearDown -->
      </class> <!-- com.orangehrm.tests.DummyTest2 -->
      <class name="com.orangehrm.tests.HomePageTest">
        <test-method is-config="true" signature="setUp()[pri:0, instance:com.orangehrm.tests.HomePageTest@177bea38]" started-at="2025-12-22T21:16:01 IST" name="setUp" finished-at="2025-12-22T21:16:04 IST" duration-ms="3473" status="PASS">
          <reporter-output>
          </reporter-output>
        </test-method> <!-- setUp -->
        <test-method is-config="true" signature="setUpPages()[pri:0, instance:com.orangehrm.tests.HomePageTest@177bea38]" started-at="2025-12-22T21:16:04 IST" name="setUpPages" finished-at="2025-12-22T21:16:04 IST" duration-ms="0" status="PASS">
          <reporter-output>
          </reporter-output>
        </test-method> <!-- setUpPages -->
        <test-method signature="login(java.lang.String,java.lang.String)[pri:0, instance:com.orangehrm.tests.HomePageTest@177bea38]" started-at="2025-12-22T21:16:04 IST" name="login" data-provider="localhost" finished-at="2025-12-22T21:16:12 IST" duration-ms="7744" status="PASS">
          <params>
            <param index="0">
              <value>
                <![CDATA[admin]]>
              </value>
            </param>
            <param index="1">
              <value>
                <![CDATA[Manish@880]]>
              </value>
            </param>
          </params>
          <reporter-output>
          </reporter-output>
        </test-method> <!-- login -->
        <test-method is-config="true" signature="tearDown()[pri:0, instance:com.orangehrm.tests.HomePageTest@177bea38]" started-at="2025-12-22T21:16:12 IST" name="tearDown" finished-at="2025-12-22T21:16:14 IST" duration-ms="2262" status="PASS">
          <reporter-output>
          </reporter-output>
        </test-method> <!-- tearDown -->
      </class> <!-- com.orangehrm.tests.HomePageTest -->
    </test> <!-- irangeHRMtest -->
  </suite> <!-- orangeHRMsuite -->
</testng-results>
