<?xml version="1.0" encoding="UTF-8"?>
<!-- Generated by org.testng.reporters.JUnitReportReporter -->
<testsuite hostname="Manish" failures="0" tests="2" name="com.orangehrm.tests.LoginPageTest" time="37.616" errors="0" timestamp="2025-12-22T21:16:22 IST" skipped="0">
  <testcase classname="com.orangehrm.tests.LoginPageTest" name="invalidLoginTest" time="17.416"/>
  <testcase classname="com.orangehrm.tests.LoginPageTest" name="verifyLoginTest" time="20.200"/>
</testsuite> <!-- com.orangehrm.tests.LoginPageTest -->
