<?xml version="1.0" encoding="UTF-8"?>
<!-- Generated by org.testng.reporters.JUnitReportReporter -->
<testsuite hostname="Manish" failures="0" tests="2" name="com.orangehrm.tests.LoginPageTest" time="38.222" errors="0" timestamp="2025-12-22T21:19:15 IST" skipped="0">
  <testcase classname="com.orangehrm.tests.LoginPageTest" name="invalidLoginTest" time="14.920"/>
  <testcase classname="com.orangehrm.tests.LoginPageTest" name="verifyLoginTest" time="23.302"/>
</testsuite> <!-- com.orangehrm.tests.LoginPageTest -->
